<?xml version="1.0" encoding="UTF-8"?>
<!-- Generated by org.testng.reporters.JUnitXMLReporter -->
<testsuite ignored="0" hostname="LAPTOP-49NH7S8J" failures="0" tests="7" name="Test" time="22.975" errors="0" timestamp="2026-02-26T20:13:25 IST">
  <testcase classname="seleniumRevision.seleniumPractice" name="colorPicker" time="5.899"/>
  <testcase classname="seleniumRevision.seleniumPractice" name="dragANdDrop" time="5.652"/>
  <testcase classname="seleniumRevision.seleniumPractice" name="excelOperations" time="0.91"/>
  <testcase classname="seleniumRevision.seleniumPractice" name="javaScriptExecutor" time="0.009"/>
  <testcase classname="seleniumRevision.seleniumPractice" name="practice" time="6.227"/>
  <testcase classname="seleniumRevision.seleniumPractice" name="screenShot" time="4.215"/>
  <testcase classname="seleniumRevision.testNg" name="parametersTestUsingTestNg" time="0.004"/>
</testsuite> <!-- Test -->
