<?xml version="1.0" encoding="UTF-8"?>
<testng-results ignored="0" total="10" passed="10" failed="0" skipped="0">
  <reporter-output>
  </reporter-output>
  <suite started-at="2026-03-05T00:34:53 IST" name="CucumberSuite" finished-at="2026-03-05T00:35:19 IST" duration-ms="25467">
    <groups>
      <group name="cucumber">
        <method signature="AbstractTestNGCucumberTests.runScenario(io.cucumber.testng.PickleWrapper,io.cucumber.testng.FeatureWrapper)[pri:0, instance:runners.TestRunner@2925bf5b]" name="runScenario" class="io.cucumber.testng.AbstractTestNGCucumberTests"/>
      </group> <!-- cucumber -->
    </groups>
    <test started-at="2026-03-05T00:34:53 IST" name="CucumberTests" finished-at="2026-03-05T00:35:19 IST" duration-ms="25467">
      <class name="runners.TestRunner">
        <test-method is-config="true" signature="setUpClass(org.testng.ITestContext)[pri:0, instance:runners.TestRunner@2925bf5b]" started-at="2026-03-05T00:34:53 IST" name="setUpClass" finished-at="2026-03-05T00:34:54 IST" duration-ms="954" status="PASS">
          <params>
            <param index="0">
              <value>
                <![CDATA[org.testng.TestRunner@1f97cf0d]]>
              </value>
            </param>
          </params>
          <reporter-output>
          </reporter-output>
        </test-method> <!-- setUpClass -->
        <test-method signature="runScenario(io.cucumber.testng.PickleWrapper,io.cucumber.testng.FeatureWrapper)[pri:0, instance:runners.TestRunner@2925bf5b]" started-at="2026-03-05T00:34:54 IST" name="runScenario" description="Runs Cucumber Scenarios" data-provider="scenarios" finished-at="2026-03-05T00:35:19 IST" duration-ms="24166" status="PASS">
          <params>
            <param index="0">
              <value>
                <![CDATA["Invalid Login functionality check"]]>
              </value>
            </param>
            <param index="1">
              <value>
                <![CDATA["Login feature"]]>
              </value>
            </param>
          </params>
          <reporter-output>
          </reporter-output>
        </test-method> <!-- runScenario -->
        <test-method signature="runScenario(io.cucumber.testng.PickleWrapper,io.cucumber.testng.FeatureWrapper)[pri:0, instance:runners.TestRunner@2925bf5b]" started-at="2026-03-05T00:34:54 IST" name="runScenario" description="Runs Cucumber Scenarios" data-provider="scenarios" finished-at="2026-03-05T00:35:19 IST" duration-ms="24377" status="PASS">
          <params>
            <param index="0">
              <value>
                <![CDATA["Add item to cart"]]>
              </value>
            </param>
            <param index="1">
              <value>
                <![CDATA["Cart feature"]]>
              </value>
            </param>
          </params>
          <reporter-output>
          </reporter-output>
        </test-method> <!-- runScenario -->
        <test-method signature="runScenario(io.cucumber.testng.PickleWrapper,io.cucumber.testng.FeatureWrapper)[pri:0, instance:runners.TestRunner@2925bf5b]" started-at="2026-03-05T00:34:54 IST" name="runScenario" description="Runs Cucumber Scenarios" data-provider="scenarios" finished-at="2026-03-05T00:35:19 IST" duration-ms="24307" status="PASS">
          <params>
            <param index="0">
              <value>
                <![CDATA["Invalid Login functionality check"]]>
              </value>
            </param>
            <param index="1">
              <value>
                <![CDATA["Login feature"]]>
              </value>
            </param>
          </params>
          <reporter-output>
          </reporter-output>
        </test-method> <!-- runScenario -->
        <test-method signature="runScenario(io.cucumber.testng.PickleWrapper,io.cucumber.testng.FeatureWrapper)[pri:0, instance:runners.TestRunner@2925bf5b]" started-at="2026-03-05T00:34:54 IST" name="runScenario" description="Runs Cucumber Scenarios" data-provider="scenarios" finished-at="2026-03-05T00:35:18 IST" duration-ms="23428" status="PASS">
          <params>
            <param index="0">
              <value>
                <![CDATA["Add item to cart"]]>
              </value>
            </param>
            <param index="1">
              <value>
                <![CDATA["Cart feature"]]>
              </value>
            </param>
          </params>
          <reporter-output>
          </reporter-output>
        </test-method> <!-- runScenario -->
        <test-method signature="runScenario(io.cucumber.testng.PickleWrapper,io.cucumber.testng.FeatureWrapper)[pri:0, instance:runners.TestRunner@2925bf5b]" started-at="2026-03-05T00:34:54 IST" name="runScenario" description="Runs Cucumber Scenarios" data-provider="scenarios" finished-at="2026-03-05T00:35:18 IST" duration-ms="23636" status="PASS">
          <params>
            <param index="0">
              <value>
                <![CDATA["Login functionality check"]]>
              </value>
            </param>
            <param index="1">
              <value>
                <![CDATA["Login feature"]]>
              </value>
            </param>
          </params>
          <reporter-output>
          </reporter-output>
        </test-method> <!-- runScenario -->
        <test-method signature="runScenario(io.cucumber.testng.PickleWrapper,io.cucumber.testng.FeatureWrapper)[pri:0, instance:runners.TestRunner@2925bf5b]" started-at="2026-03-05T00:34:54 IST" name="runScenario" description="Runs Cucumber Scenarios" data-provider="scenarios" finished-at="2026-03-05T00:35:19 IST" duration-ms="24269" status="PASS">
          <params>
            <param index="0">
              <value>
                <![CDATA["Add item to cart"]]>
              </value>
            </param>
            <param index="1">
              <value>
                <![CDATA["Cart feature"]]>
              </value>
            </param>
          </params>
          <reporter-output>
          </reporter-output>
        </test-method> <!-- runScenario -->
        <test-method signature="runScenario(io.cucumber.testng.PickleWrapper,io.cucumber.testng.FeatureWrapper)[pri:0, instance:runners.TestRunner@2925bf5b]" started-at="2026-03-05T00:34:54 IST" name="runScenario" description="Runs Cucumber Scenarios" data-provider="scenarios" finished-at="2026-03-05T00:35:19 IST" duration-ms="24418" status="PASS">
          <params>
            <param index="0">
              <value>
                <![CDATA["Add item to cart"]]>
              </value>
            </param>
            <param index="1">
              <value>
                <![CDATA["Cart feature"]]>
              </value>
            </param>
          </params>
          <reporter-output>
          </reporter-output>
        </test-method> <!-- runScenario -->
        <test-method signature="runScenario(io.cucumber.testng.PickleWrapper,io.cucumber.testng.FeatureWrapper)[pri:0, instance:runners.TestRunner@2925bf5b]" started-at="2026-03-05T00:34:54 IST" name="runScenario" description="Runs Cucumber Scenarios" data-provider="scenarios" finished-at="2026-03-05T00:35:19 IST" duration-ms="24293" status="PASS">
          <params>
            <param index="0">
              <value>
                <![CDATA["Login functionality check"]]>
              </value>
            </param>
            <param index="1">
              <value>
                <![CDATA["Login feature"]]>
              </value>
            </param>
          </params>
          <reporter-output>
          </reporter-output>
        </test-method> <!-- runScenario -->
        <test-method signature="runScenario(io.cucumber.testng.PickleWrapper,io.cucumber.testng.FeatureWrapper)[pri:0, instance:runners.TestRunner@2925bf5b]" started-at="2026-03-05T00:34:54 IST" name="runScenario" description="Runs Cucumber Scenarios" data-provider="scenarios" finished-at="2026-03-05T00:35:18 IST" duration-ms="23429" status="PASS">
          <params>
            <param index="0">
              <value>
                <![CDATA["Add item to cart"]]>
              </value>
            </param>
            <param index="1">
              <value>
                <![CDATA["Cart feature"]]>
              </value>
            </param>
          </params>
          <reporter-output>
          </reporter-output>
        </test-method> <!-- runScenario -->
        <test-method signature="runScenario(io.cucumber.testng.PickleWrapper,io.cucumber.testng.FeatureWrapper)[pri:0, instance:runners.TestRunner@2925bf5b]" started-at="2026-03-05T00:34:54 IST" name="runScenario" description="Runs Cucumber Scenarios" data-provider="scenarios" finished-at="2026-03-05T00:35:19 IST" duration-ms="24343" status="PASS">
          <params>
            <param index="0">
              <value>
                <![CDATA["Add item to cart"]]>
              </value>
            </param>
            <param index="1">
              <value>
                <![CDATA["Cart feature"]]>
              </value>
            </param>
          </params>
          <reporter-output>
          </reporter-output>
        </test-method> <!-- runScenario -->
        <test-method is-config="true" signature="tearDownClass()[pri:0, instance:runners.TestRunner@2925bf5b]" started-at="2026-03-05T00:35:19 IST" name="tearDownClass" finished-at="2026-03-05T00:35:19 IST" duration-ms="24" status="PASS">
          <reporter-output>
          </reporter-output>
        </test-method> <!-- tearDownClass -->
      </class> <!-- runners.TestRunner -->
    </test> <!-- CucumberTests -->
  </suite> <!-- CucumberSuite -->
</testng-results>
