<?xml version="1.0" encoding="UTF-8"?>
<!-- Generated by org.testng.reporters.JUnitReportReporter -->
<testsuite hostname="LAPTOP-49NH7S8J" failures="0" tests="10" name="runners.TestRunner" time="167.080" errors="0" timestamp="2026-03-05T01:34:29 IST" skipped="0">
  <testcase classname="runners.TestRunner" name="runScenario" time="16.663"/>
  <testcase classname="runners.TestRunner" name="runScenario" time="15.981"/>
  <testcase classname="runners.TestRunner" name="runScenario" time="16.644"/>
  <testcase classname="runners.TestRunner" name="runScenario" time="16.021"/>
  <testcase classname="runners.TestRunner" name="runScenario" time="17.549"/>
  <testcase classname="runners.TestRunner" name="runScenario" time="16.672"/>
  <testcase classname="runners.TestRunner" name="runScenario" time="17.550"/>
  <testcase classname="runners.TestRunner" name="runScenario" time="16.662"/>
  <testcase classname="runners.TestRunner" name="runScenario" time="16.660"/>
  <testcase classname="runners.TestRunner" name="runScenario" time="16.678"/>
</testsuite> <!-- runners.TestRunner -->
