<?xml version="1.0" encoding="UTF-8"?>
<!-- Generated by org.testng.reporters.JUnitReportReporter -->
<testsuite hostname="LAPTOP-49NH7S8J" failures="0" tests="10" name="runners.TestRunner" time="240.666" errors="0" timestamp="2026-03-05T00:35:19 IST" skipped="0">
  <testcase classname="runners.TestRunner" name="runScenario" time="24.166"/>
  <testcase classname="runners.TestRunner" name="runScenario" time="24.269"/>
  <testcase classname="runners.TestRunner" name="runScenario" time="24.377"/>
  <testcase classname="runners.TestRunner" name="runScenario" time="24.418"/>
  <testcase classname="runners.TestRunner" name="runScenario" time="24.293"/>
  <testcase classname="runners.TestRunner" name="runScenario" time="24.307"/>
  <testcase classname="runners.TestRunner" name="runScenario" time="23.428"/>
  <testcase classname="runners.TestRunner" name="runScenario" time="23.429"/>
  <testcase classname="runners.TestRunner" name="runScenario" time="24.343"/>
  <testcase classname="runners.TestRunner" name="runScenario" time="23.636"/>
</testsuite> <!-- runners.TestRunner -->
